<?xml version="1.0" encoding="UTF-8"?>
<testng-results ignored="0" total="1" passed="1" failed="0" skipped="0">
  <reporter-output>
  </reporter-output>
  <suite started-at="2024-05-26T15:39:24 IST" name="Surefire suite" finished-at="2024-05-26T15:39:40 IST" duration-ms="16017">
    <groups>
      <group name="cucumber">
        <method signature="AbstractTestNGCucumberTests.runScenario(io.cucumber.testng.PickleWrapper,io.cucumber.testng.FeatureWrapper)[pri:0, instance:com.adarsh.cucumber.RunCucumberTest@15eb5ee5]" name="runScenario" class="io.cucumber.testng.AbstractTestNGCucumberTests"/>
      </group> <!-- cucumber -->
    </groups>
    <test started-at="2024-05-26T15:39:24 IST" name="Surefire test" finished-at="2024-05-26T15:39:40 IST" duration-ms="16017">
      <class name="com.adarsh.cucumber.RunCucumberTest">
        <test-method is-config="true" signature="setUpClass(org.testng.ITestContext)[pri:0, instance:com.adarsh.cucumber.RunCucumberTest@15eb5ee5]" started-at="2024-05-26T15:39:24 IST" name="setUpClass" finished-at="2024-05-26T15:39:26 IST" duration-ms="1353" status="PASS">
          <params>
            <param index="0">
              <value>
                <![CDATA[org.testng.TestRunner@6401d0a0]]>
              </value>
            </param>
          </params>
          <reporter-output>
          </reporter-output>
        </test-method> <!-- setUpClass -->
        <test-method signature="runScenario(io.cucumber.testng.PickleWrapper,io.cucumber.testng.FeatureWrapper)[pri:0, instance:com.adarsh.cucumber.RunCucumberTest@15eb5ee5]" started-at="2024-05-26T15:39:26 IST" name="runScenario" description="Runs Cucumber Scenarios" data-provider="scenarios" finished-at="2024-05-26T15:39:40 IST" duration-ms="14533" status="PASS">
          <params>
            <param index="0">
              <value>
                <![CDATA["Negative Test of Submitting the order"]]>
              </value>
            </param>
            <param index="1">
              <value>
                <![CDATA["Error Validation in Ecommerce website"]]>
              </value>
            </param>
          </params>
          <reporter-output>
          </reporter-output>
        </test-method> <!-- runScenario -->
        <test-method is-config="true" signature="tearDownClass()[pri:0, instance:com.adarsh.cucumber.RunCucumberTest@15eb5ee5]" started-at="2024-05-26T15:39:40 IST" name="tearDownClass" finished-at="2024-05-26T15:39:40 IST" duration-ms="42" status="PASS">
          <reporter-output>
          </reporter-output>
        </test-method> <!-- tearDownClass -->
      </class> <!-- com.adarsh.cucumber.RunCucumberTest -->
    </test> <!-- Surefire test -->
  </suite> <!-- Surefire suite -->
</testng-results>
